<?xml version="1.0" encoding="UTF-8"?>
<!-- Generated by org.testng.reporters.JUnitXMLReporter -->
<testsuite ignored="8" hostname="DESKTOP-67O2PR7" failures="0" tests="6" name="Test2" time="29.426" errors="0" timestamp="2023-03-06T19:51:27 IST">
  <testcase classname="testngPractice.Testngpractice1" name="class1_Test1" time="0.01"/>
  <testcase classname="testngPractice.Testngpractice1" name="class1_Test2" time="0.002"/>
  <testcase classname="testngPractice.Testngpractice2" name="class2_Test1" time="0.001"/>
  <testcase classname="testngPractice.Testngpractice2" name="class2_Test2" time="0.003"/>
  <testcase classname="testngPractice.Testngpractice3_1" name="class3_Test1" time="0.001"/>
  <testcase classname="testngPractice.Testngpractice3_1" name="class3_Test2" time="0.001"/>
  <testcase classname="testngPractice.TestngBaseClass" name="@BeforeSuite BeforeSuite" time="0.0">
    <ignored/>
  </testcase> <!-- @BeforeSuite BeforeSuite -->
  <testcase classname="testngPractice.TestngBaseClass" name="@BeforeSuite BeforeSuite" time="0.0">
    <ignored/>
  </testcase> <!-- @BeforeSuite BeforeSuite -->
  <testcase classname="testngPractice.TestngBaseClass" name="@AfterTest afterTest" time="0.0">
    <ignored/>
  </testcase> <!-- @AfterTest afterTest -->
  <testcase classname="testngPractice.TestngBaseClass" name="@AfterTest afterTest" time="0.0">
    <ignored/>
  </testcase> <!-- @AfterTest afterTest -->
  <testcase classname="testngPractice.TestngBaseClass" name="@BeforeTest BeforeTest" time="0.0">
    <ignored/>
  </testcase> <!-- @BeforeTest BeforeTest -->
  <testcase classname="testngPractice.TestngBaseClass" name="@BeforeTest BeforeTest" time="0.0">
    <ignored/>
  </testcase> <!-- @BeforeTest BeforeTest -->
  <testcase classname="testngPractice.TestngBaseClass" name="@AfterSuite afterSuite" time="0.0">
    <ignored/>
  </testcase> <!-- @AfterSuite afterSuite -->
  <testcase classname="testngPractice.TestngBaseClass" name="@AfterSuite afterSuite" time="0.0">
    <ignored/>
  </testcase> <!-- @AfterSuite afterSuite -->
</testsuite> <!-- Test2 -->
